
ROM used: 339 (17%)
          339 (17%) including unused fragments

          1 Average locations per line
          7 Average locations per statement

RAM used: 17 (8%) at main() level
          24 (11%) worst case

Stack used: 2 worst case (out of 8 total available)

Lines Stmts  %   Files
----- ----- ---  -----
   39    25  50  main.c
   15     0   0  main.h
  207     0   0  F:\PICC\devices\16F628A.h
   49     8  16  lib\config.c
   35    17  34  lib\comand.c
----- -----
  345    50 Total

Page ROM  %  RAM   Vol Diff  Functions:
---- --- --- ---   --- ----  ----------
0     17   5   0   351  2.8  config
0    119  35   3   461  4.3  moverMotor
0     32   9   6   183  2.7  @WRITEBITA
0      8   2   0  1084  3.4  @goto10048
0    159  47   0  1084  3.4  MAIN

Program metrics:
    Functions               5
    Statements              50
    Comments                89
    Volume (V)              4281
    Difficilty (D)          16.8
    Effort to implement (E) 71986
    Time to implement (T)   1 hours, 7 minutes
    Est Delivered Bugs (B)  1
    Cyclomatic Complexity   4
    Maintainability (MI)    111

 Segment     Used  Free
-----------  ----  ----
00000-00003     4  0  
00004-007FF   335  1709  



